CRITICAL - 2024-10-07 07:12:18 --> CodeIgniter\View\Exceptions\ViewException: Invalid file: "bbm_po_edit.php"
[Method: GET, Route: bbm-po-edit]
in SYSTEMPATH\Exceptions\FrameworkException.php on line 41.
 1 SYSTEMPATH\View\View.php(222): CodeIgniter\Exceptions\FrameworkException::forInvalidFile('bbm_po_edit.php')
 2 SYSTEMPATH\Common.php(1169): CodeIgniter\View\View->render('bbm_po_edit', [], true)
 3 APPPATH\Controllers\Home.php(149): view('bbm_po_edit')
 4 SYSTEMPATH\CodeIgniter.php(933): App\Controllers\Home->bbm_po_edit()
 5 SYSTEMPATH\CodeIgniter.php(509): CodeIgniter\CodeIgniter->runController(Object(App\Controllers\Home))
 6 SYSTEMPATH\CodeIgniter.php(355): CodeIgniter\CodeIgniter->handleRequest(null, Object(Config\Cache), false)
 7 SYSTEMPATH\Boot.php(325): CodeIgniter\CodeIgniter->run()
 8 SYSTEMPATH\Boot.php(67): CodeIgniter\Boot::runCodeIgniter(Object(CodeIgniter\CodeIgniter))
 9 FCPATH\index.php(56): CodeIgniter\Boot::bootWeb(Object(Config\Paths))
CRITICAL - 2024-10-07 07:12:50 --> CodeIgniter\View\Exceptions\ViewException: Invalid file: "bbm_po_edit.php"
[Method: GET, Route: bbm-po-edit]
in SYSTEMPATH\Exceptions\FrameworkException.php on line 41.
 1 SYSTEMPATH\View\View.php(222): CodeIgniter\Exceptions\FrameworkException::forInvalidFile('bbm_po_edit.php')
 2 SYSTEMPATH\Common.php(1169): CodeIgniter\View\View->render('bbm_po_edit', [], true)
 3 APPPATH\Controllers\Home.php(149): view('bbm_po_edit')
 4 SYSTEMPATH\CodeIgniter.php(933): App\Controllers\Home->bbm_po_edit()
 5 SYSTEMPATH\CodeIgniter.php(509): CodeIgniter\CodeIgniter->runController(Object(App\Controllers\Home))
 6 SYSTEMPATH\CodeIgniter.php(355): CodeIgniter\CodeIgniter->handleRequest(null, Object(Config\Cache), false)
 7 SYSTEMPATH\Boot.php(325): CodeIgniter\CodeIgniter->run()
 8 SYSTEMPATH\Boot.php(67): CodeIgniter\Boot::runCodeIgniter(Object(CodeIgniter\CodeIgniter))
 9 FCPATH\index.php(56): CodeIgniter\Boot::bootWeb(Object(Config\Paths))
CRITICAL - 2024-10-07 10:08:17 --> CodeIgniter\View\Exceptions\ViewException: Invalid file: "rap_tambah_ak_rev.php"
[Method: GET, Route: rap-tambah-ak-rev]
in SYSTEMPATH\Exceptions\FrameworkException.php on line 41.
 1 SYSTEMPATH\View\View.php(222): CodeIgniter\Exceptions\FrameworkException::forInvalidFile('rap_tambah_ak_rev.php')
 2 SYSTEMPATH\Common.php(1169): CodeIgniter\View\View->render('rap_tambah_ak_rev', [], true)
 3 APPPATH\Controllers\Home.php(69): view('rap_tambah_ak_rev')
 4 SYSTEMPATH\CodeIgniter.php(933): App\Controllers\Home->rap_tambah_ak_rev()
 5 SYSTEMPATH\CodeIgniter.php(509): CodeIgniter\CodeIgniter->runController(Object(App\Controllers\Home))
 6 SYSTEMPATH\CodeIgniter.php(355): CodeIgniter\CodeIgniter->handleRequest(null, Object(Config\Cache), false)
 7 SYSTEMPATH\Boot.php(325): CodeIgniter\CodeIgniter->run()
 8 SYSTEMPATH\Boot.php(67): CodeIgniter\Boot::runCodeIgniter(Object(CodeIgniter\CodeIgniter))
 9 FCPATH\index.php(56): CodeIgniter\Boot::bootWeb(Object(Config\Paths))
