CRITICAL - 2024-10-08 01:56:19 --> ErrorException: Cannot redeclare App\Controllers\Home::po_detail()
[Method: GET, Route: po-detail]
in APPPATH\Controllers\Home.php on line 97.
 1 [internal function]: CodeIgniter\Debug\Exceptions->shutdownHandler()
CRITICAL - 2024-10-08 09:12:24 --> CodeIgniter\View\Exceptions\ViewException: Invalid file: "bbk_to_tambah.php"
[Method: GET, Route: bbk-to-tambah]
in SYSTEMPATH\Exceptions\FrameworkException.php on line 41.
 1 SYSTEMPATH\View\View.php(222): CodeIgniter\Exceptions\FrameworkException::forInvalidFile('bbk_to_tambah.php')
 2 SYSTEMPATH\Common.php(1169): CodeIgniter\View\View->render('bbk_to_tambah', [], true)
 3 APPPATH\Controllers\Home.php(187): view('bbk_to_tambah')
 4 SYSTEMPATH\CodeIgniter.php(933): App\Controllers\Home->bbk_to_tambah()
 5 SYSTEMPATH\CodeIgniter.php(509): CodeIgniter\CodeIgniter->runController(Object(App\Controllers\Home))
 6 SYSTEMPATH\CodeIgniter.php(355): CodeIgniter\CodeIgniter->handleRequest(null, Object(Config\Cache), false)
 7 SYSTEMPATH\Boot.php(325): CodeIgniter\CodeIgniter->run()
 8 SYSTEMPATH\Boot.php(67): CodeIgniter\Boot::runCodeIgniter(Object(CodeIgniter\CodeIgniter))
 9 FCPATH\index.php(56): CodeIgniter\Boot::bootWeb(Object(Config\Paths))
CRITICAL - 2024-10-08 09:34:28 --> CodeIgniter\View\Exceptions\ViewException: Invalid file: "bbk_to_edit.php"
[Method: GET, Route: bbk-to-edit]
in SYSTEMPATH\Exceptions\FrameworkException.php on line 41.
 1 SYSTEMPATH\View\View.php(222): CodeIgniter\Exceptions\FrameworkException::forInvalidFile('bbk_to_edit.php')
 2 SYSTEMPATH\Common.php(1169): CodeIgniter\View\View->render('bbk_to_edit', [], true)
 3 APPPATH\Controllers\Home.php(203): view('bbk_to_edit')
 4 SYSTEMPATH\CodeIgniter.php(933): App\Controllers\Home->bbk_to_edit()
 5 SYSTEMPATH\CodeIgniter.php(509): CodeIgniter\CodeIgniter->runController(Object(App\Controllers\Home))
 6 SYSTEMPATH\CodeIgniter.php(355): CodeIgniter\CodeIgniter->handleRequest(null, Object(Config\Cache), false)
 7 SYSTEMPATH\Boot.php(325): CodeIgniter\CodeIgniter->run()
 8 SYSTEMPATH\Boot.php(67): CodeIgniter\Boot::runCodeIgniter(Object(CodeIgniter\CodeIgniter))
 9 FCPATH\index.php(56): CodeIgniter\Boot::bootWeb(Object(Config\Paths))
