CRITICAL - 2024-09-06 02:52:17 --> ErrorException: Undefined property: App\Controllers\Home::$load
[Method: GET, Route: layout]
in APPPATH\Controllers\Home.php on line 9.
 1 APPPATH\Controllers\Home.php(9): CodeIgniter\Debug\Exceptions->errorHandler(2, 'Undefined property: App\\Controllers\\Home::$load', 'C:\\xampp\\htdocs\\ci4\\app\\Controllers\\Home.php', 9)
 2 SYSTEMPATH\CodeIgniter.php(933): App\Controllers\Home->index()
 3 SYSTEMPATH\CodeIgniter.php(509): CodeIgniter\CodeIgniter->runController(Object(App\Controllers\Home))
 4 SYSTEMPATH\CodeIgniter.php(355): CodeIgniter\CodeIgniter->handleRequest(null, Object(Config\Cache), false)
 5 SYSTEMPATH\Boot.php(325): CodeIgniter\CodeIgniter->run()
 6 SYSTEMPATH\Boot.php(67): CodeIgniter\Boot::runCodeIgniter(Object(CodeIgniter\CodeIgniter))
 7 FCPATH\index.php(56): CodeIgniter\Boot::bootWeb(Object(Config\Paths))
CRITICAL - 2024-09-06 02:52:23 --> ErrorException: Undefined property: App\Controllers\Home::$load
[Method: GET, Route: layout]
in APPPATH\Controllers\Home.php on line 9.
 1 APPPATH\Controllers\Home.php(9): CodeIgniter\Debug\Exceptions->errorHandler(2, 'Undefined property: App\\Controllers\\Home::$load', 'C:\\xampp\\htdocs\\ci4\\app\\Controllers\\Home.php', 9)
 2 SYSTEMPATH\CodeIgniter.php(933): App\Controllers\Home->index()
 3 SYSTEMPATH\CodeIgniter.php(509): CodeIgniter\CodeIgniter->runController(Object(App\Controllers\Home))
 4 SYSTEMPATH\CodeIgniter.php(355): CodeIgniter\CodeIgniter->handleRequest(null, Object(Config\Cache), false)
 5 SYSTEMPATH\Boot.php(325): CodeIgniter\CodeIgniter->run()
 6 SYSTEMPATH\Boot.php(67): CodeIgniter\Boot::runCodeIgniter(Object(CodeIgniter\CodeIgniter))
 7 FCPATH\index.php(56): CodeIgniter\Boot::bootWeb(Object(Config\Paths))
CRITICAL - 2024-09-06 02:53:18 --> ErrorException: Undefined property: App\Controllers\Home::$load
[Method: GET, Route: layout]
in APPPATH\Controllers\Home.php on line 9.
 1 APPPATH\Controllers\Home.php(9): CodeIgniter\Debug\Exceptions->errorHandler(2, 'Undefined property: App\\Controllers\\Home::$load', 'C:\\xampp\\htdocs\\ci4\\app\\Controllers\\Home.php', 9)
 2 SYSTEMPATH\CodeIgniter.php(933): App\Controllers\Home->index()
 3 SYSTEMPATH\CodeIgniter.php(509): CodeIgniter\CodeIgniter->runController(Object(App\Controllers\Home))
 4 SYSTEMPATH\CodeIgniter.php(355): CodeIgniter\CodeIgniter->handleRequest(null, Object(Config\Cache), false)
 5 SYSTEMPATH\Boot.php(325): CodeIgniter\CodeIgniter->run()
 6 SYSTEMPATH\Boot.php(67): CodeIgniter\Boot::runCodeIgniter(Object(CodeIgniter\CodeIgniter))
 7 FCPATH\index.php(56): CodeIgniter\Boot::bootWeb(Object(Config\Paths))
CRITICAL - 2024-09-06 02:53:20 --> ErrorException: Undefined property: App\Controllers\Home::$load
[Method: GET, Route: layout]
in APPPATH\Controllers\Home.php on line 9.
 1 APPPATH\Controllers\Home.php(9): CodeIgniter\Debug\Exceptions->errorHandler(2, 'Undefined property: App\\Controllers\\Home::$load', 'C:\\xampp\\htdocs\\ci4\\app\\Controllers\\Home.php', 9)
 2 SYSTEMPATH\CodeIgniter.php(933): App\Controllers\Home->index()
 3 SYSTEMPATH\CodeIgniter.php(509): CodeIgniter\CodeIgniter->runController(Object(App\Controllers\Home))
 4 SYSTEMPATH\CodeIgniter.php(355): CodeIgniter\CodeIgniter->handleRequest(null, Object(Config\Cache), false)
 5 SYSTEMPATH\Boot.php(325): CodeIgniter\CodeIgniter->run()
 6 SYSTEMPATH\Boot.php(67): CodeIgniter\Boot::runCodeIgniter(Object(CodeIgniter\CodeIgniter))
 7 FCPATH\index.php(56): CodeIgniter\Boot::bootWeb(Object(Config\Paths))
CRITICAL - 2024-09-06 02:53:21 --> ErrorException: Undefined property: App\Controllers\Home::$load
[Method: GET, Route: layout]
in APPPATH\Controllers\Home.php on line 9.
 1 APPPATH\Controllers\Home.php(9): CodeIgniter\Debug\Exceptions->errorHandler(2, 'Undefined property: App\\Controllers\\Home::$load', 'C:\\xampp\\htdocs\\ci4\\app\\Controllers\\Home.php', 9)
 2 SYSTEMPATH\CodeIgniter.php(933): App\Controllers\Home->index()
 3 SYSTEMPATH\CodeIgniter.php(509): CodeIgniter\CodeIgniter->runController(Object(App\Controllers\Home))
 4 SYSTEMPATH\CodeIgniter.php(355): CodeIgniter\CodeIgniter->handleRequest(null, Object(Config\Cache), false)
 5 SYSTEMPATH\Boot.php(325): CodeIgniter\CodeIgniter->run()
 6 SYSTEMPATH\Boot.php(67): CodeIgniter\Boot::runCodeIgniter(Object(CodeIgniter\CodeIgniter))
 7 FCPATH\index.php(56): CodeIgniter\Boot::bootWeb(Object(Config\Paths))
CRITICAL - 2024-09-06 02:53:21 --> ErrorException: Undefined property: App\Controllers\Home::$load
[Method: GET, Route: layout]
in APPPATH\Controllers\Home.php on line 9.
 1 APPPATH\Controllers\Home.php(9): CodeIgniter\Debug\Exceptions->errorHandler(2, 'Undefined property: App\\Controllers\\Home::$load', 'C:\\xampp\\htdocs\\ci4\\app\\Controllers\\Home.php', 9)
 2 SYSTEMPATH\CodeIgniter.php(933): App\Controllers\Home->index()
 3 SYSTEMPATH\CodeIgniter.php(509): CodeIgniter\CodeIgniter->runController(Object(App\Controllers\Home))
 4 SYSTEMPATH\CodeIgniter.php(355): CodeIgniter\CodeIgniter->handleRequest(null, Object(Config\Cache), false)
 5 SYSTEMPATH\Boot.php(325): CodeIgniter\CodeIgniter->run()
 6 SYSTEMPATH\Boot.php(67): CodeIgniter\Boot::runCodeIgniter(Object(CodeIgniter\CodeIgniter))
 7 FCPATH\index.php(56): CodeIgniter\Boot::bootWeb(Object(Config\Paths))
CRITICAL - 2024-09-06 03:04:06 --> Error: Call to undefined function asset()
[Method: GET, Route: /]
in APPPATH\Views\layout\page_layout.php on line 11.
 1 SYSTEMPATH\View\View.php(234): include()
 2 SYSTEMPATH\View\View.php(237): CodeIgniter\View\View->CodeIgniter\View\{closure}()
 3 SYSTEMPATH\View\View.php(250): CodeIgniter\View\View->render('layout/page_layout', [], true)
 4 SYSTEMPATH\Common.php(1169): CodeIgniter\View\View->render('dashboard', [], true)
 5 APPPATH\Controllers\Home.php(14): view('dashboard')
 6 SYSTEMPATH\CodeIgniter.php(933): App\Controllers\Home->dashboard()
 7 SYSTEMPATH\CodeIgniter.php(509): CodeIgniter\CodeIgniter->runController(Object(App\Controllers\Home))
 8 SYSTEMPATH\CodeIgniter.php(355): CodeIgniter\CodeIgniter->handleRequest(null, Object(Config\Cache), false)
 9 SYSTEMPATH\Boot.php(325): CodeIgniter\CodeIgniter->run()
10 SYSTEMPATH\Boot.php(67): CodeIgniter\Boot::runCodeIgniter(Object(CodeIgniter\CodeIgniter))
11 FCPATH\index.php(56): CodeIgniter\Boot::bootWeb(Object(Config\Paths))
CRITICAL - 2024-09-06 03:07:34 --> ParseError: syntax error, unexpected token "echo"
[Method: GET, Route: /]
in APPPATH\Views\layout\page_layout.php on line 11.
 1 SYSTEMPATH\View\View.php(237): CodeIgniter\View\View->CodeIgniter\View\{closure}()
 2 SYSTEMPATH\View\View.php(250): CodeIgniter\View\View->render('layout/page_layout', [], true)
 3 SYSTEMPATH\Common.php(1169): CodeIgniter\View\View->render('dashboard', [], true)
 4 APPPATH\Controllers\Home.php(14): view('dashboard')
 5 SYSTEMPATH\CodeIgniter.php(933): App\Controllers\Home->dashboard()
 6 SYSTEMPATH\CodeIgniter.php(509): CodeIgniter\CodeIgniter->runController(Object(App\Controllers\Home))
 7 SYSTEMPATH\CodeIgniter.php(355): CodeIgniter\CodeIgniter->handleRequest(null, Object(Config\Cache), false)
 8 SYSTEMPATH\Boot.php(325): CodeIgniter\CodeIgniter->run()
 9 SYSTEMPATH\Boot.php(67): CodeIgniter\Boot::runCodeIgniter(Object(CodeIgniter\CodeIgniter))
10 FCPATH\index.php(56): CodeIgniter\Boot::bootWeb(Object(Config\Paths))
CRITICAL - 2024-09-06 03:10:29 --> Error: Call to undefined function App\Controllers\base()
[Method: GET, Route: layout]
in APPPATH\Controllers\Home.php on line 9.
 1 SYSTEMPATH\CodeIgniter.php(933): App\Controllers\Home->index()
 2 SYSTEMPATH\CodeIgniter.php(509): CodeIgniter\CodeIgniter->runController(Object(App\Controllers\Home))
 3 SYSTEMPATH\CodeIgniter.php(355): CodeIgniter\CodeIgniter->handleRequest(null, Object(Config\Cache), false)
 4 SYSTEMPATH\Boot.php(325): CodeIgniter\CodeIgniter->run()
 5 SYSTEMPATH\Boot.php(67): CodeIgniter\Boot::runCodeIgniter(Object(CodeIgniter\CodeIgniter))
 6 FCPATH\index.php(56): CodeIgniter\Boot::bootWeb(Object(Config\Paths))
CRITICAL - 2024-09-06 03:10:33 --> Error: Call to undefined function App\Controllers\base()
[Method: GET, Route: layout]
in APPPATH\Controllers\Home.php on line 9.
 1 SYSTEMPATH\CodeIgniter.php(933): App\Controllers\Home->index()
 2 SYSTEMPATH\CodeIgniter.php(509): CodeIgniter\CodeIgniter->runController(Object(App\Controllers\Home))
 3 SYSTEMPATH\CodeIgniter.php(355): CodeIgniter\CodeIgniter->handleRequest(null, Object(Config\Cache), false)
 4 SYSTEMPATH\Boot.php(325): CodeIgniter\CodeIgniter->run()
 5 SYSTEMPATH\Boot.php(67): CodeIgniter\Boot::runCodeIgniter(Object(CodeIgniter\CodeIgniter))
 6 FCPATH\index.php(56): CodeIgniter\Boot::bootWeb(Object(Config\Paths))
CRITICAL - 2024-09-06 03:11:51 --> Error: Call to undefined function link_tag()
[Method: GET, Route: layout]
in APPPATH\Views\layout\page_layout.php on line 30.
 1 SYSTEMPATH\View\View.php(234): include()
 2 SYSTEMPATH\View\View.php(237): CodeIgniter\View\View->CodeIgniter\View\{closure}()
 3 SYSTEMPATH\Common.php(1169): CodeIgniter\View\View->render('layout/page_layout', [], true)
 4 APPPATH\Controllers\Home.php(9): view('layout/page_layout')
 5 SYSTEMPATH\CodeIgniter.php(933): App\Controllers\Home->index()
 6 SYSTEMPATH\CodeIgniter.php(509): CodeIgniter\CodeIgniter->runController(Object(App\Controllers\Home))
 7 SYSTEMPATH\CodeIgniter.php(355): CodeIgniter\CodeIgniter->handleRequest(null, Object(Config\Cache), false)
 8 SYSTEMPATH\Boot.php(325): CodeIgniter\CodeIgniter->run()
 9 SYSTEMPATH\Boot.php(67): CodeIgniter\Boot::runCodeIgniter(Object(CodeIgniter\CodeIgniter))
10 FCPATH\index.php(56): CodeIgniter\Boot::bootWeb(Object(Config\Paths))
CRITICAL - 2024-09-06 03:11:53 --> Error: Call to undefined function link_tag()
[Method: GET, Route: layout]
in APPPATH\Views\layout\page_layout.php on line 30.
 1 SYSTEMPATH\View\View.php(234): include()
 2 SYSTEMPATH\View\View.php(237): CodeIgniter\View\View->CodeIgniter\View\{closure}()
 3 SYSTEMPATH\Common.php(1169): CodeIgniter\View\View->render('layout/page_layout', [], true)
 4 APPPATH\Controllers\Home.php(9): view('layout/page_layout')
 5 SYSTEMPATH\CodeIgniter.php(933): App\Controllers\Home->index()
 6 SYSTEMPATH\CodeIgniter.php(509): CodeIgniter\CodeIgniter->runController(Object(App\Controllers\Home))
 7 SYSTEMPATH\CodeIgniter.php(355): CodeIgniter\CodeIgniter->handleRequest(null, Object(Config\Cache), false)
 8 SYSTEMPATH\Boot.php(325): CodeIgniter\CodeIgniter->run()
 9 SYSTEMPATH\Boot.php(67): CodeIgniter\Boot::runCodeIgniter(Object(CodeIgniter\CodeIgniter))
10 FCPATH\index.php(56): CodeIgniter\Boot::bootWeb(Object(Config\Paths))
CRITICAL - 2024-09-06 03:12:15 --> Error: Call to undefined function link_tag()
[Method: GET, Route: layout]
in APPPATH\Views\layout\page_layout.php on line 30.
 1 SYSTEMPATH\View\View.php(234): include()
 2 SYSTEMPATH\View\View.php(237): CodeIgniter\View\View->CodeIgniter\View\{closure}()
 3 SYSTEMPATH\Common.php(1169): CodeIgniter\View\View->render('layout/page_layout', [], true)
 4 APPPATH\Controllers\Home.php(9): view('layout/page_layout')
 5 SYSTEMPATH\CodeIgniter.php(933): App\Controllers\Home->index()
 6 SYSTEMPATH\CodeIgniter.php(509): CodeIgniter\CodeIgniter->runController(Object(App\Controllers\Home))
 7 SYSTEMPATH\CodeIgniter.php(355): CodeIgniter\CodeIgniter->handleRequest(null, Object(Config\Cache), false)
 8 SYSTEMPATH\Boot.php(325): CodeIgniter\CodeIgniter->run()
 9 SYSTEMPATH\Boot.php(67): CodeIgniter\Boot::runCodeIgniter(Object(CodeIgniter\CodeIgniter))
10 FCPATH\index.php(56): CodeIgniter\Boot::bootWeb(Object(Config\Paths))
CRITICAL - 2024-09-06 03:13:21 --> Error: Call to undefined function link_tag()
[Method: GET, Route: layout]
in APPPATH\Views\layout\page_layout.php on line 30.
 1 SYSTEMPATH\View\View.php(234): include()
 2 SYSTEMPATH\View\View.php(237): CodeIgniter\View\View->CodeIgniter\View\{closure}()
 3 SYSTEMPATH\Common.php(1169): CodeIgniter\View\View->render('layout/page_layout', [], true)
 4 APPPATH\Controllers\Home.php(9): view('layout/page_layout')
 5 SYSTEMPATH\CodeIgniter.php(933): App\Controllers\Home->index()
 6 SYSTEMPATH\CodeIgniter.php(509): CodeIgniter\CodeIgniter->runController(Object(App\Controllers\Home))
 7 SYSTEMPATH\CodeIgniter.php(355): CodeIgniter\CodeIgniter->handleRequest(null, Object(Config\Cache), false)
 8 SYSTEMPATH\Boot.php(325): CodeIgniter\CodeIgniter->run()
 9 SYSTEMPATH\Boot.php(67): CodeIgniter\Boot::runCodeIgniter(Object(CodeIgniter\CodeIgniter))
10 FCPATH\index.php(56): CodeIgniter\Boot::bootWeb(Object(Config\Paths))
CRITICAL - 2024-09-06 03:17:40 --> Error: Call to undefined function link_tag()
[Method: GET, Route: layout]
in APPPATH\Views\layout\page_layout.php on line 109.
 1 SYSTEMPATH\View\View.php(234): include()
 2 SYSTEMPATH\View\View.php(237): CodeIgniter\View\View->CodeIgniter\View\{closure}()
 3 SYSTEMPATH\Common.php(1169): CodeIgniter\View\View->render('layout/page_layout', [], true)
 4 APPPATH\Controllers\Home.php(9): view('layout/page_layout')
 5 SYSTEMPATH\CodeIgniter.php(933): App\Controllers\Home->index()
 6 SYSTEMPATH\CodeIgniter.php(509): CodeIgniter\CodeIgniter->runController(Object(App\Controllers\Home))
 7 SYSTEMPATH\CodeIgniter.php(355): CodeIgniter\CodeIgniter->handleRequest(null, Object(Config\Cache), false)
 8 SYSTEMPATH\Boot.php(325): CodeIgniter\CodeIgniter->run()
 9 SYSTEMPATH\Boot.php(67): CodeIgniter\Boot::runCodeIgniter(Object(CodeIgniter\CodeIgniter))
10 FCPATH\index.php(56): CodeIgniter\Boot::bootWeb(Object(Config\Paths))
CRITICAL - 2024-09-06 03:17:46 --> Error: Call to undefined function link_tag()
[Method: GET, Route: layout]
in APPPATH\Views\layout\page_layout.php on line 109.
 1 SYSTEMPATH\View\View.php(234): include()
 2 SYSTEMPATH\View\View.php(237): CodeIgniter\View\View->CodeIgniter\View\{closure}()
 3 SYSTEMPATH\Common.php(1169): CodeIgniter\View\View->render('layout/page_layout', [], true)
 4 APPPATH\Controllers\Home.php(9): view('layout/page_layout')
 5 SYSTEMPATH\CodeIgniter.php(933): App\Controllers\Home->index()
 6 SYSTEMPATH\CodeIgniter.php(509): CodeIgniter\CodeIgniter->runController(Object(App\Controllers\Home))
 7 SYSTEMPATH\CodeIgniter.php(355): CodeIgniter\CodeIgniter->handleRequest(null, Object(Config\Cache), false)
 8 SYSTEMPATH\Boot.php(325): CodeIgniter\CodeIgniter->run()
 9 SYSTEMPATH\Boot.php(67): CodeIgniter\Boot::runCodeIgniter(Object(CodeIgniter\CodeIgniter))
10 FCPATH\index.php(56): CodeIgniter\Boot::bootWeb(Object(Config\Paths))
CRITICAL - 2024-09-06 03:20:30 --> Error: Call to undefined function link_tag()
[Method: GET, Route: layout]
in APPPATH\Views\layout\page_layout.php on line 109.
 1 SYSTEMPATH\View\View.php(234): include()
 2 SYSTEMPATH\View\View.php(237): CodeIgniter\View\View->CodeIgniter\View\{closure}()
 3 SYSTEMPATH\Common.php(1169): CodeIgniter\View\View->render('layout/page_layout', [], true)
 4 APPPATH\Controllers\Home.php(9): view('layout/page_layout')
 5 SYSTEMPATH\CodeIgniter.php(933): App\Controllers\Home->index()
 6 SYSTEMPATH\CodeIgniter.php(509): CodeIgniter\CodeIgniter->runController(Object(App\Controllers\Home))
 7 SYSTEMPATH\CodeIgniter.php(355): CodeIgniter\CodeIgniter->handleRequest(null, Object(Config\Cache), false)
 8 SYSTEMPATH\Boot.php(325): CodeIgniter\CodeIgniter->run()
 9 SYSTEMPATH\Boot.php(67): CodeIgniter\Boot::runCodeIgniter(Object(CodeIgniter\CodeIgniter))
10 FCPATH\index.php(56): CodeIgniter\Boot::bootWeb(Object(Config\Paths))
CRITICAL - 2024-09-06 03:30:12 --> CodeIgniter\View\Exceptions\ViewException: Invalid file: "drawing.php"
[Method: GET, Route: drawing]
in SYSTEMPATH\Exceptions\FrameworkException.php on line 41.
 1 SYSTEMPATH\View\View.php(222): CodeIgniter\Exceptions\FrameworkException::forInvalidFile('drawing.php')
 2 SYSTEMPATH\Common.php(1169): CodeIgniter\View\View->render('drawing', [], true)
 3 APPPATH\Controllers\Home.php(24): view('drawing')
 4 SYSTEMPATH\CodeIgniter.php(933): App\Controllers\Home->drawing()
 5 SYSTEMPATH\CodeIgniter.php(509): CodeIgniter\CodeIgniter->runController(Object(App\Controllers\Home))
 6 SYSTEMPATH\CodeIgniter.php(355): CodeIgniter\CodeIgniter->handleRequest(null, Object(Config\Cache), false)
 7 SYSTEMPATH\Boot.php(325): CodeIgniter\CodeIgniter->run()
 8 SYSTEMPATH\Boot.php(67): CodeIgniter\Boot::runCodeIgniter(Object(CodeIgniter\CodeIgniter))
 9 FCPATH\index.php(56): CodeIgniter\Boot::bootWeb(Object(Config\Paths))
CRITICAL - 2024-09-06 03:33:17 --> ErrorException: Undefined variable $this_renderSection
[Method: GET, Route: drawing]
in APPPATH\Views\layout\page_layout.php on line 6.
 1 APPPATH\Views\layout\page_layout.php(6): CodeIgniter\Debug\Exceptions->errorHandler(2, 'Undefined variable $this_renderSection', 'C:\\xampp\\htdocs\\ci4\\app\\Views\\layout\\page_layout.php', 6)
 2 SYSTEMPATH\View\View.php(234): include('C:\\xampp\\htdocs\\ci4\\app\\Views\\layout\\page_layout.php')
 3 SYSTEMPATH\View\View.php(237): CodeIgniter\View\View->CodeIgniter\View\{closure}()
 4 SYSTEMPATH\View\View.php(250): CodeIgniter\View\View->render('layout/page_layout', [], true)
 5 SYSTEMPATH\Common.php(1169): CodeIgniter\View\View->render('drawing', [], true)
 6 APPPATH\Controllers\Home.php(24): view('drawing')
 7 SYSTEMPATH\CodeIgniter.php(933): App\Controllers\Home->drawing()
 8 SYSTEMPATH\CodeIgniter.php(509): CodeIgniter\CodeIgniter->runController(Object(App\Controllers\Home))
 9 SYSTEMPATH\CodeIgniter.php(355): CodeIgniter\CodeIgniter->handleRequest(null, Object(Config\Cache), false)
10 SYSTEMPATH\Boot.php(325): CodeIgniter\CodeIgniter->run()
11 SYSTEMPATH\Boot.php(67): CodeIgniter\Boot::runCodeIgniter(Object(CodeIgniter\CodeIgniter))
12 FCPATH\index.php(56): CodeIgniter\Boot::bootWeb(Object(Config\Paths))
CRITICAL - 2024-09-06 03:33:26 --> ErrorException: Undefined variable $this_renderSection
[Method: GET, Route: drawing]
in APPPATH\Views\layout\page_layout.php on line 6.
 1 APPPATH\Views\layout\page_layout.php(6): CodeIgniter\Debug\Exceptions->errorHandler(2, 'Undefined variable $this_renderSection', 'C:\\xampp\\htdocs\\ci4\\app\\Views\\layout\\page_layout.php', 6)
 2 SYSTEMPATH\View\View.php(234): include('C:\\xampp\\htdocs\\ci4\\app\\Views\\layout\\page_layout.php')
 3 SYSTEMPATH\View\View.php(237): CodeIgniter\View\View->CodeIgniter\View\{closure}()
 4 SYSTEMPATH\View\View.php(250): CodeIgniter\View\View->render('layout/page_layout', [], true)
 5 SYSTEMPATH\Common.php(1169): CodeIgniter\View\View->render('drawing', [], true)
 6 APPPATH\Controllers\Home.php(24): view('drawing')
 7 SYSTEMPATH\CodeIgniter.php(933): App\Controllers\Home->drawing()
 8 SYSTEMPATH\CodeIgniter.php(509): CodeIgniter\CodeIgniter->runController(Object(App\Controllers\Home))
 9 SYSTEMPATH\CodeIgniter.php(355): CodeIgniter\CodeIgniter->handleRequest(null, Object(Config\Cache), false)
10 SYSTEMPATH\Boot.php(325): CodeIgniter\CodeIgniter->run()
11 SYSTEMPATH\Boot.php(67): CodeIgniter\Boot::runCodeIgniter(Object(CodeIgniter\CodeIgniter))
12 FCPATH\index.php(56): CodeIgniter\Boot::bootWeb(Object(Config\Paths))
CRITICAL - 2024-09-06 03:33:41 --> ErrorException: Undefined variable $this_renderSection
[Method: GET, Route: /]
in APPPATH\Views\layout\page_layout.php on line 6.
 1 APPPATH\Views\layout\page_layout.php(6): CodeIgniter\Debug\Exceptions->errorHandler(2, 'Undefined variable $this_renderSection', 'C:\\xampp\\htdocs\\ci4\\app\\Views\\layout\\page_layout.php', 6)
 2 SYSTEMPATH\View\View.php(234): include('C:\\xampp\\htdocs\\ci4\\app\\Views\\layout\\page_layout.php')
 3 SYSTEMPATH\View\View.php(237): CodeIgniter\View\View->CodeIgniter\View\{closure}()
 4 SYSTEMPATH\View\View.php(250): CodeIgniter\View\View->render('layout/page_layout', [], true)
 5 SYSTEMPATH\Common.php(1169): CodeIgniter\View\View->render('dashboard', [], true)
 6 APPPATH\Controllers\Home.php(14): view('dashboard')
 7 SYSTEMPATH\CodeIgniter.php(933): App\Controllers\Home->dashboard()
 8 SYSTEMPATH\CodeIgniter.php(509): CodeIgniter\CodeIgniter->runController(Object(App\Controllers\Home))
 9 SYSTEMPATH\CodeIgniter.php(355): CodeIgniter\CodeIgniter->handleRequest(null, Object(Config\Cache), false)
10 SYSTEMPATH\Boot.php(325): CodeIgniter\CodeIgniter->run()
11 SYSTEMPATH\Boot.php(67): CodeIgniter\Boot::runCodeIgniter(Object(CodeIgniter\CodeIgniter))
12 FCPATH\index.php(56): CodeIgniter\Boot::bootWeb(Object(Config\Paths))
CRITICAL - 2024-09-06 03:41:52 --> ArgumentCountError: link() expects exactly 2 arguments, 1 given
[Method: GET, Route: approval-material]
in APPPATH\Views\layout\page_layout.php on line 42.
 1 APPPATH\Views\layout\page_layout.php(42): link('https://maxcdn.bootstrapcdn.com/bootstrap/3.4.1/js/bootstrap.min.js')
 2 SYSTEMPATH\View\View.php(234): include('C:\\xampp\\htdocs\\ci4\\app\\Views\\layout\\page_layout.php')
 3 SYSTEMPATH\View\View.php(237): CodeIgniter\View\View->CodeIgniter\View\{closure}()
 4 SYSTEMPATH\View\View.php(250): CodeIgniter\View\View->render('layout/page_layout', [], true)
 5 SYSTEMPATH\Common.php(1169): CodeIgniter\View\View->render('approval-material', [], true)
 6 APPPATH\Controllers\Home.php(19): view('approval-material')
 7 SYSTEMPATH\CodeIgniter.php(933): App\Controllers\Home->approval_material()
 8 SYSTEMPATH\CodeIgniter.php(509): CodeIgniter\CodeIgniter->runController(Object(App\Controllers\Home))
 9 SYSTEMPATH\CodeIgniter.php(355): CodeIgniter\CodeIgniter->handleRequest(null, Object(Config\Cache), false)
10 SYSTEMPATH\Boot.php(325): CodeIgniter\CodeIgniter->run()
11 SYSTEMPATH\Boot.php(67): CodeIgniter\Boot::runCodeIgniter(Object(CodeIgniter\CodeIgniter))
12 FCPATH\index.php(56): CodeIgniter\Boot::bootWeb(Object(Config\Paths))
